app/build/intermediates/manifest_merge_blame_file/debug/manifest-merger-blame-debug-report.txt
1<?xml version="1.0" encoding="utf-8"?>
2<manifest xmlns:android="http://schemas.android.com/apk/res/android"
3    package="com.deemedconveyance.deemconveyanceversionone"
4    android:versionCode="1"
5    android:versionName="1.0" >
6
7    <uses-sdk
8        android:minSdkVersion="19"
8-->src\main\AndroidManifest.xml
9        android:targetSdkVersion="28" />
9-->src\main\AndroidManifest.xml
10
11    <uses-permission android:name="android.permission.WRITE_EXTERNAL_STORAGE" />
11-->src\main\AndroidManifest.xml:29:5-81
11-->src\main\AndroidManifest.xml:29:22-78
12    <uses-permission android:name="android.permission.READ_EXTERNAL_STORAGE" />
12-->src\main\AndroidManifest.xml:30:5-80
12-->src\main\AndroidManifest.xml:30:22-77
13    <uses-permission android:name="android.permission.INTERNET" />
13-->src\main\AndroidManifest.xml:31:5-67
13-->src\main\AndroidManifest.xml:31:22-64
14    <uses-permission android:name="android.permission.ACCESS_NETWORK_STATE" />
14-->src\main\AndroidManifest.xml:32:5-79
14-->src\main\AndroidManifest.xml:32:22-76
15    <uses-permission android:name="android.permission.CALL_PHONE" />
15-->src\main\AndroidManifest.xml:34:5-69
15-->src\main\AndroidManifest.xml:34:22-66
16
17    <application
17-->src\main\AndroidManifest.xml:5:5-28:19
18        android:allowBackup="true"
18-->src\main\AndroidManifest.xml:6:9-35
19        android:appComponentFactory="androidx.core.app.CoreComponentFactory"
19-->[androidx.core:core:1.1.0] AndroidManifest.xml:24:18-86
20        android:debuggable="true"
21        android:icon="@mipmap/ic_launcher"
21-->src\main\AndroidManifest.xml:7:9-43
22        android:label="@string/app_name"
22-->src\main\AndroidManifest.xml:8:9-41
23        android:roundIcon="@mipmap/ic_launcher_round"
23-->src\main\AndroidManifest.xml:9:9-54
24        android:supportsRtl="true"
24-->src\main\AndroidManifest.xml:10:9-35
25        android:theme="@style/MyMaterialTheme" >
25-->src\main\AndroidManifest.xml:11:9-47
26        <activity android:name="com.deemedconveyance.deemconveyanceversionone.Activity.ShowResourceContent" />
26-->src\main\AndroidManifest.xml:12:9-75
26-->src\main\AndroidManifest.xml:12:19-63
27        <activity android:name="com.deemedconveyance.deemconveyanceversionone.Activity.ContactUsForm" />
27-->src\main\AndroidManifest.xml:13:9-60
27-->src\main\AndroidManifest.xml:13:19-57
28        <activity android:name="com.deemedconveyance.deemconveyanceversionone.Activity.WebinarRegistrationForm" />
28-->src\main\AndroidManifest.xml:14:9-70
28-->src\main\AndroidManifest.xml:14:19-67
29        <activity android:name="com.deemedconveyance.deemconveyanceversionone.Activity.RequestForProposalForm" />
29-->src\main\AndroidManifest.xml:15:9-69
29-->src\main\AndroidManifest.xml:15:19-66
30        <activity android:name="com.deemedconveyance.deemconveyanceversionone.Activity.AboutUs" />
30-->src\main\AndroidManifest.xml:16:9-54
30-->src\main\AndroidManifest.xml:16:19-51
31        <activity android:name="com.deemedconveyance.deemconveyanceversionone.Activity.MainActivity" />
31-->src\main\AndroidManifest.xml:17:9-59
31-->src\main\AndroidManifest.xml:17:19-56
32        <activity android:name="com.deemedconveyance.deemconveyanceversionone.Activity.Login" />
32-->src\main\AndroidManifest.xml:18:9-52
32-->src\main\AndroidManifest.xml:18:19-49
33        <activity android:name="com.deemedconveyance.deemconveyanceversionone.Activity.Registeration" />
33-->src\main\AndroidManifest.xml:19:9-60
33-->src\main\AndroidManifest.xml:19:19-57
34        <activity android:name="com.deemedconveyance.deemconveyanceversionone.Activity.ViewContent" />
34-->src\main\AndroidManifest.xml:20:9-58
34-->src\main\AndroidManifest.xml:20:19-55
35        <activity android:name="com.deemedconveyance.deemconveyanceversionone.Activity.Splash" >
35-->src\main\AndroidManifest.xml:21:9-27:20
35-->src\main\AndroidManifest.xml:21:19-50
36            <intent-filter>
36-->src\main\AndroidManifest.xml:22:13-26:29
37                <action android:name="android.intent.action.MAIN" />
37-->src\main\AndroidManifest.xml:23:17-69
37-->src\main\AndroidManifest.xml:23:25-66
38
39                <category android:name="android.intent.category.LAUNCHER" />
39-->src\main\AndroidManifest.xml:25:17-77
39-->src\main\AndroidManifest.xml:25:27-74
40            </intent-filter>
41        </activity>
42
43        <provider
43-->[com.squareup.picasso:picasso:2.71828] AndroidManifest.xml:8:9-11:40
44            android:name="com.squareup.picasso.PicassoProvider"
44-->[com.squareup.picasso:picasso:2.71828] AndroidManifest.xml:9:13-64
45            android:authorities="com.deemedconveyance.deemconveyanceversionone.com.squareup.picasso"
45-->[com.squareup.picasso:picasso:2.71828] AndroidManifest.xml:10:13-72
46            android:exported="false" />
46-->[com.squareup.picasso:picasso:2.71828] AndroidManifest.xml:11:13-37
47    </application>
48
49</manifest>